2020-03-14 00:41:05.958  INFO 48338 --- [restartedMain] c.a.s.SteganosaurusApplication           : Starting SteganosaurusApplication on arvid-arch with PID 48338 (/home/arvid/Downloads/steganosaurus/target/classes started by arvid in /home/arvid/Downloads/steganosaurus)
2020-03-14 00:41:05.959  INFO 48338 --- [restartedMain] c.a.s.SteganosaurusApplication           : No active profile set, falling back to default profiles: default
2020-03-14 00:41:06.215  INFO 48338 --- [restartedMain] o.s.b.w.embedded.tomcat.TomcatWebServer  : Tomcat initialized with port(s): 8080 (http)
2020-03-14 00:41:06.217  INFO 48338 --- [restartedMain] o.apache.catalina.core.StandardService   : Starting service [Tomcat]
2020-03-14 00:41:06.217  INFO 48338 --- [restartedMain] org.apache.catalina.core.StandardEngine  : Starting Servlet engine: [Apache Tomcat/9.0.31]
2020-03-14 00:41:06.228  INFO 48338 --- [restartedMain] o.a.c.c.C.[Tomcat].[localhost].[/]       : Initializing Spring embedded WebApplicationContext
2020-03-14 00:41:06.228 DEBUG 48338 --- [restartedMain] o.s.web.context.ContextLoader            : Published root WebApplicationContext as ServletContext attribute with name [org.springframework.web.context.WebApplicationContext.ROOT]
2020-03-14 00:41:06.229  INFO 48338 --- [restartedMain] o.s.web.context.ContextLoader            : Root WebApplicationContext: initialization completed in 267 ms
2020-03-14 00:41:06.234 DEBUG 48338 --- [restartedMain] o.s.b.w.s.ServletContextInitializerBeans : Mapping filters: characterEncodingFilter urls=[/*] order=-2147483648, formContentFilter urls=[/*] order=-9900, requestContextFilter urls=[/*] order=-105
2020-03-14 00:41:06.236 DEBUG 48338 --- [restartedMain] o.s.b.w.s.ServletContextInitializerBeans : Mapping servlets: dispatcherServlet urls=[/]
2020-03-14 00:41:06.294  INFO 48338 --- [restartedMain] o.s.s.concurrent.ThreadPoolTaskExecutor  : Initializing ExecutorService 'applicationTaskExecutor'
2020-03-14 00:41:06.296 DEBUG 48338 --- [restartedMain] s.w.s.m.m.a.RequestMappingHandlerAdapter : ControllerAdvice beans: 0 @ModelAttribute, 0 @InitBinder, 1 RequestBodyAdvice, 1 ResponseBodyAdvice
2020-03-14 00:41:06.305 DEBUG 48338 --- [restartedMain] s.w.s.m.m.a.RequestMappingHandlerMapping : 4 mappings in 'requestMappingHandlerMapping'
2020-03-14 00:41:06.316 DEBUG 48338 --- [restartedMain] o.s.w.s.handler.SimpleUrlHandlerMapping  : Patterns [/webjars/**, /**] in 'resourceHandlerMapping'
2020-03-14 00:41:06.322 DEBUG 48338 --- [restartedMain] .m.m.a.ExceptionHandlerExceptionResolver : ControllerAdvice beans: 0 @ExceptionHandler, 1 ResponseBodyAdvice
2020-03-14 00:41:06.345  INFO 48338 --- [restartedMain] o.s.b.d.a.OptionalLiveReloadServer       : LiveReload server is running on port 35729
2020-03-14 00:41:06.360  INFO 48338 --- [restartedMain] o.s.b.w.embedded.tomcat.TomcatWebServer  : Tomcat started on port(s): 8080 (http) with context path ''
2020-03-14 00:41:06.361  INFO 48338 --- [restartedMain] c.a.s.SteganosaurusApplication           : Started SteganosaurusApplication in 0.436 seconds (JVM running for 112.859)
2020-03-14 00:41:06.363  INFO 48338 --- [restartedMain] .ConditionEvaluationDeltaLoggingListener : Condition evaluation unchanged
2020-03-14 00:41:17.754  INFO 48338 --- [Thread-8] o.s.s.concurrent.ThreadPoolTaskExecutor  : Shutting down ExecutorService 'applicationTaskExecutor'
2020-03-14 00:41:17.838  INFO 48338 --- [restartedMain] c.a.s.SteganosaurusApplication           : Starting SteganosaurusApplication on arvid-arch with PID 48338 (/home/arvid/Downloads/steganosaurus/target/classes started by arvid in /home/arvid/Downloads/steganosaurus)
2020-03-14 00:41:17.839  INFO 48338 --- [restartedMain] c.a.s.SteganosaurusApplication           : No active profile set, falling back to default profiles: default
2020-03-14 00:41:18.032  INFO 48338 --- [restartedMain] o.s.b.w.embedded.tomcat.TomcatWebServer  : Tomcat initialized with port(s): 8080 (http)
2020-03-14 00:41:18.034  INFO 48338 --- [restartedMain] o.apache.catalina.core.StandardService   : Starting service [Tomcat]
2020-03-14 00:41:18.034  INFO 48338 --- [restartedMain] org.apache.catalina.core.StandardEngine  : Starting Servlet engine: [Apache Tomcat/9.0.31]
2020-03-14 00:41:18.049  INFO 48338 --- [restartedMain] o.a.c.c.C.[Tomcat].[localhost].[/]       : Initializing Spring embedded WebApplicationContext
2020-03-14 00:41:18.049 DEBUG 48338 --- [restartedMain] o.s.web.context.ContextLoader            : Published root WebApplicationContext as ServletContext attribute with name [org.springframework.web.context.WebApplicationContext.ROOT]
2020-03-14 00:41:18.049  INFO 48338 --- [restartedMain] o.s.web.context.ContextLoader            : Root WebApplicationContext: initialization completed in 207 ms
2020-03-14 00:41:18.054 DEBUG 48338 --- [restartedMain] o.s.b.w.s.ServletContextInitializerBeans : Mapping filters: characterEncodingFilter urls=[/*] order=-2147483648, formContentFilter urls=[/*] order=-9900, requestContextFilter urls=[/*] order=-105
2020-03-14 00:41:18.055 DEBUG 48338 --- [restartedMain] o.s.b.w.s.ServletContextInitializerBeans : Mapping servlets: dispatcherServlet urls=[/]
2020-03-14 00:41:18.113  INFO 48338 --- [restartedMain] o.s.s.concurrent.ThreadPoolTaskExecutor  : Initializing ExecutorService 'applicationTaskExecutor'
2020-03-14 00:41:18.116 DEBUG 48338 --- [restartedMain] s.w.s.m.m.a.RequestMappingHandlerAdapter : ControllerAdvice beans: 0 @ModelAttribute, 0 @InitBinder, 1 RequestBodyAdvice, 1 ResponseBodyAdvice
2020-03-14 00:41:18.125 DEBUG 48338 --- [restartedMain] s.w.s.m.m.a.RequestMappingHandlerMapping : 4 mappings in 'requestMappingHandlerMapping'
2020-03-14 00:41:18.137 DEBUG 48338 --- [restartedMain] o.s.w.s.handler.SimpleUrlHandlerMapping  : Patterns [/webjars/**, /**] in 'resourceHandlerMapping'
2020-03-14 00:41:18.143 DEBUG 48338 --- [restartedMain] .m.m.a.ExceptionHandlerExceptionResolver : ControllerAdvice beans: 0 @ExceptionHandler, 1 ResponseBodyAdvice
2020-03-14 00:41:18.171  INFO 48338 --- [restartedMain] o.s.b.d.a.OptionalLiveReloadServer       : LiveReload server is running on port 35729
2020-03-14 00:41:18.186  INFO 48338 --- [restartedMain] o.s.b.w.embedded.tomcat.TomcatWebServer  : Tomcat started on port(s): 8080 (http) with context path ''
2020-03-14 00:41:18.187  INFO 48338 --- [restartedMain] c.a.s.SteganosaurusApplication           : Started SteganosaurusApplication in 0.374 seconds (JVM running for 124.685)
2020-03-14 00:41:18.188  INFO 48338 --- [restartedMain] .ConditionEvaluationDeltaLoggingListener : Condition evaluation unchanged
2020-03-14 00:42:52.558  INFO 48338 --- [SpringContextShutdownHook] o.s.s.concurrent.ThreadPoolTaskExecutor  : Shutting down ExecutorService 'applicationTaskExecutor'
2020-03-14 00:42:55.781 ERROR 48992 --- [restartedMain] o.s.boot.SpringApplication               : Application run failed

java.lang.IllegalStateException: Logback configuration error detected: 
ERROR in ch.qos.logback.core.joran.action.AppenderRefAction - Could not find an appender named [FILE-ROLLING]. Did you define it below instead of above in the configuration file?
ERROR in ch.qos.logback.core.joran.action.AppenderRefAction - See http://logback.qos.ch/codes.html#appender_order for more details.
	at org.springframework.boot.logging.logback.LogbackLoggingSystem.loadConfiguration(LogbackLoggingSystem.java:169)
	at org.springframework.boot.logging.AbstractLoggingSystem.initializeWithConventions(AbstractLoggingSystem.java:80)
	at org.springframework.boot.logging.AbstractLoggingSystem.initialize(AbstractLoggingSystem.java:60)
	at org.springframework.boot.logging.logback.LogbackLoggingSystem.initialize(LogbackLoggingSystem.java:118)
	at org.springframework.boot.context.logging.LoggingApplicationListener.initializeSystem(LoggingApplicationListener.java:313)
	at org.springframework.boot.context.logging.LoggingApplicationListener.initialize(LoggingApplicationListener.java:288)
	at org.springframework.boot.context.logging.LoggingApplicationListener.onApplicationEnvironmentPreparedEvent(LoggingApplicationListener.java:246)
	at org.springframework.boot.context.logging.LoggingApplicationListener.onApplicationEvent(LoggingApplicationListener.java:223)
	at org.springframework.context.event.SimpleApplicationEventMulticaster.doInvokeListener(SimpleApplicationEventMulticaster.java:172)
	at org.springframework.context.event.SimpleApplicationEventMulticaster.invokeListener(SimpleApplicationEventMulticaster.java:165)
	at org.springframework.context.event.SimpleApplicationEventMulticaster.multicastEvent(SimpleApplicationEventMulticaster.java:139)
	at org.springframework.context.event.SimpleApplicationEventMulticaster.multicastEvent(SimpleApplicationEventMulticaster.java:127)
	at org.springframework.boot.context.event.EventPublishingRunListener.environmentPrepared(EventPublishingRunListener.java:76)
	at org.springframework.boot.SpringApplicationRunListeners.environmentPrepared(SpringApplicationRunListeners.java:53)
	at org.springframework.boot.SpringApplication.prepareEnvironment(SpringApplication.java:345)
	at org.springframework.boot.SpringApplication.run(SpringApplication.java:308)
	at org.springframework.boot.SpringApplication.run(SpringApplication.java:1226)
	at org.springframework.boot.SpringApplication.run(SpringApplication.java:1215)
	at com.arvid.steganosaurus.SteganosaurusApplication.main(SteganosaurusApplication.java:10)
	at java.base/jdk.internal.reflect.NativeMethodAccessorImpl.invoke0(Native Method)
	at java.base/jdk.internal.reflect.NativeMethodAccessorImpl.invoke(NativeMethodAccessorImpl.java:62)
	at java.base/jdk.internal.reflect.DelegatingMethodAccessorImpl.invoke(DelegatingMethodAccessorImpl.java:43)
	at java.base/java.lang.reflect.Method.invoke(Method.java:566)
	at org.springframework.boot.devtools.restart.RestartLauncher.run(RestartLauncher.java:49)

2020-03-14 00:44:50.085  INFO 49121 --- [restartedMain] c.a.s.SteganosaurusApplication           : Starting SteganosaurusApplication on arvid-arch with PID 49121 (/home/arvid/Downloads/steganosaurus/target/classes started by arvid in /home/arvid/Downloads/steganosaurus)
2020-03-14 00:44:50.089  INFO 49121 --- [restartedMain] c.a.s.SteganosaurusApplication           : No active profile set, falling back to default profiles: default
2020-03-14 00:44:50.179  INFO 49121 --- [restartedMain] .e.DevToolsPropertyDefaultsPostProcessor : Devtools property defaults active! Set 'spring.devtools.add-properties' to 'false' to disable
2020-03-14 00:44:51.086  INFO 49121 --- [restartedMain] o.s.b.w.embedded.tomcat.TomcatWebServer  : Tomcat initialized with port(s): 8080 (http)
2020-03-14 00:44:51.093  INFO 49121 --- [restartedMain] o.apache.catalina.core.StandardService   : Starting service [Tomcat]
2020-03-14 00:44:51.093  INFO 49121 --- [restartedMain] org.apache.catalina.core.StandardEngine  : Starting Servlet engine: [Apache Tomcat/9.0.31]
2020-03-14 00:44:51.130  INFO 49121 --- [restartedMain] o.a.c.c.C.[Tomcat].[localhost].[/]       : Initializing Spring embedded WebApplicationContext
2020-03-14 00:44:51.130 DEBUG 49121 --- [restartedMain] o.s.web.context.ContextLoader            : Published root WebApplicationContext as ServletContext attribute with name [org.springframework.web.context.WebApplicationContext.ROOT]
2020-03-14 00:44:51.131  INFO 49121 --- [restartedMain] o.s.web.context.ContextLoader            : Root WebApplicationContext: initialization completed in 951 ms
2020-03-14 00:44:51.142 DEBUG 49121 --- [restartedMain] o.s.b.w.s.ServletContextInitializerBeans : Mapping filters: characterEncodingFilter urls=[/*] order=-2147483648, formContentFilter urls=[/*] order=-9900, requestContextFilter urls=[/*] order=-105
2020-03-14 00:44:51.142 DEBUG 49121 --- [restartedMain] o.s.b.w.s.ServletContextInitializerBeans : Mapping servlets: dispatcherServlet urls=[/]
2020-03-14 00:44:51.275  INFO 49121 --- [restartedMain] o.s.s.concurrent.ThreadPoolTaskExecutor  : Initializing ExecutorService 'applicationTaskExecutor'
2020-03-14 00:44:51.281 DEBUG 49121 --- [restartedMain] s.w.s.m.m.a.RequestMappingHandlerAdapter : ControllerAdvice beans: 0 @ModelAttribute, 0 @InitBinder, 1 RequestBodyAdvice, 1 ResponseBodyAdvice
2020-03-14 00:44:51.338 DEBUG 49121 --- [restartedMain] s.w.s.m.m.a.RequestMappingHandlerMapping : 4 mappings in 'requestMappingHandlerMapping'
2020-03-14 00:44:51.364 DEBUG 49121 --- [restartedMain] o.s.w.s.handler.SimpleUrlHandlerMapping  : Patterns [/webjars/**, /**] in 'resourceHandlerMapping'
2020-03-14 00:44:51.370 DEBUG 49121 --- [restartedMain] .m.m.a.ExceptionHandlerExceptionResolver : ControllerAdvice beans: 0 @ExceptionHandler, 1 ResponseBodyAdvice
2020-03-14 00:44:51.418  INFO 49121 --- [restartedMain] o.s.b.d.a.OptionalLiveReloadServer       : LiveReload server is running on port 35729
2020-03-14 00:44:51.446  INFO 49121 --- [restartedMain] o.s.b.w.embedded.tomcat.TomcatWebServer  : Tomcat started on port(s): 8080 (http) with context path ''
2020-03-14 00:44:51.450  INFO 49121 --- [restartedMain] c.a.s.SteganosaurusApplication           : Started SteganosaurusApplication in 1.939 seconds (JVM running for 2.788)
2020-03-14 00:45:00.947  INFO 49121 --- [http-nio-8080-exec-1] o.a.c.c.C.[Tomcat].[localhost].[/]       : Initializing Spring DispatcherServlet 'dispatcherServlet'
2020-03-14 00:45:00.947  INFO 49121 --- [http-nio-8080-exec-1] o.s.web.servlet.DispatcherServlet        : Initializing Servlet 'dispatcherServlet'
2020-03-14 00:45:00.948 DEBUG 49121 --- [http-nio-8080-exec-1] o.s.web.servlet.DispatcherServlet        : Detected CommonsMultipartResolver
2020-03-14 00:45:00.952 DEBUG 49121 --- [http-nio-8080-exec-1] o.s.web.servlet.DispatcherServlet        : enableLoggingRequestDetails='false': request parameters and headers will be masked to prevent unsafe logging of potentially sensitive data
2020-03-14 00:45:00.953  INFO 49121 --- [http-nio-8080-exec-1] o.s.web.servlet.DispatcherServlet        : Completed initialization in 6 ms
2020-03-14 00:45:00.958 DEBUG 49121 --- [http-nio-8080-exec-1] o.s.web.servlet.DispatcherServlet        : POST "/file", parameters={}
2020-03-14 00:45:00.979 DEBUG 49121 --- [http-nio-8080-exec-1] o.s.w.m.c.CommonsMultipartResolver       : Part 'file', size 1343528 bytes, filename='Uppsala TR B 3129-19 Aktbil 115, Förundersökningsprotokoll (23 .pdf'
2020-03-14 00:45:00.985 DEBUG 49121 --- [http-nio-8080-exec-1] s.w.s.m.m.a.RequestMappingHandlerMapping : Mapped to com.arvid.steganosaurus.StegController#fileUpload(MultipartFile)
2020-03-14 00:45:00.998 ERROR 49121 --- [http-nio-8080-exec-1] com.arvid.steganosaurus.StegController   : Fil org.springframework.web.multipart.commons.CommonsMultipartFile@1fed1a17
2020-03-14 00:45:01.077 DEBUG 49121 --- [http-nio-8080-exec-1] m.m.a.RequestResponseBodyMethodProcessor : Using 'text/plain', given [*/*] and supported [text/plain, */*, text/plain, */*, application/json, application/*+json, application/json, application/*+json]
2020-03-14 00:45:01.089 DEBUG 49121 --- [http-nio-8080-exec-1] m.m.a.RequestResponseBodyMethodProcessor : Writing ["[37, 80, 68, 70, 45, 49, 46, 52, 10, 37, -30, -29, -49, -45, 10, 50, 32, 48, 32, 111, 98, 106, 10,  (truncated)...]
2020-03-14 00:45:01.180 DEBUG 49121 --- [http-nio-8080-exec-1] o.s.w.m.c.CommonsMultipartResolver       : Cleaning up part 'file', filename 'Uppsala TR B 3129-19 Aktbil 115, Förundersökningsprotokoll (23 .pdf'
2020-03-14 00:45:01.181 DEBUG 49121 --- [http-nio-8080-exec-1] o.s.web.servlet.DispatcherServlet        : Completed 200 OK
2020-03-14 00:45:37.199  INFO 49121 --- [SpringContextShutdownHook] o.s.s.concurrent.ThreadPoolTaskExecutor  : Shutting down ExecutorService 'applicationTaskExecutor'
2020-03-14 00:45:40.048  INFO 49317 --- [restartedMain] c.a.s.SteganosaurusApplication           : Starting SteganosaurusApplication on arvid-arch with PID 49317 (/home/arvid/Downloads/steganosaurus/target/classes started by arvid in /home/arvid/Downloads/steganosaurus)
2020-03-14 00:45:40.057  INFO 49317 --- [restartedMain] c.a.s.SteganosaurusApplication           : No active profile set, falling back to default profiles: default
2020-03-14 00:45:40.121  INFO 49317 --- [restartedMain] .e.DevToolsPropertyDefaultsPostProcessor : Devtools property defaults active! Set 'spring.devtools.add-properties' to 'false' to disable
2020-03-14 00:45:40.984  INFO 49317 --- [restartedMain] o.s.b.w.embedded.tomcat.TomcatWebServer  : Tomcat initialized with port(s): 8080 (http)
2020-03-14 00:45:40.990  INFO 49317 --- [restartedMain] o.apache.catalina.core.StandardService   : Starting service [Tomcat]
2020-03-14 00:45:40.991  INFO 49317 --- [restartedMain] org.apache.catalina.core.StandardEngine  : Starting Servlet engine: [Apache Tomcat/9.0.31]
2020-03-14 00:45:41.025  INFO 49317 --- [restartedMain] o.a.c.c.C.[Tomcat].[localhost].[/]       : Initializing Spring embedded WebApplicationContext
2020-03-14 00:45:41.025 DEBUG 49317 --- [restartedMain] o.s.web.context.ContextLoader            : Published root WebApplicationContext as ServletContext attribute with name [org.springframework.web.context.WebApplicationContext.ROOT]
2020-03-14 00:45:41.025  INFO 49317 --- [restartedMain] o.s.web.context.ContextLoader            : Root WebApplicationContext: initialization completed in 901 ms
2020-03-14 00:45:41.036 DEBUG 49317 --- [restartedMain] o.s.b.w.s.ServletContextInitializerBeans : Mapping filters: characterEncodingFilter urls=[/*] order=-2147483648, formContentFilter urls=[/*] order=-9900, requestContextFilter urls=[/*] order=-105
2020-03-14 00:45:41.037 DEBUG 49317 --- [restartedMain] o.s.b.w.s.ServletContextInitializerBeans : Mapping servlets: dispatcherServlet urls=[/]
2020-03-14 00:45:41.158  INFO 49317 --- [restartedMain] o.s.s.concurrent.ThreadPoolTaskExecutor  : Initializing ExecutorService 'applicationTaskExecutor'
2020-03-14 00:45:41.164 DEBUG 49317 --- [restartedMain] s.w.s.m.m.a.RequestMappingHandlerAdapter : ControllerAdvice beans: 0 @ModelAttribute, 0 @InitBinder, 1 RequestBodyAdvice, 1 ResponseBodyAdvice
2020-03-14 00:45:41.195 DEBUG 49317 --- [restartedMain] s.w.s.m.m.a.RequestMappingHandlerMapping : 4 mappings in 'requestMappingHandlerMapping'
2020-03-14 00:45:41.225 DEBUG 49317 --- [restartedMain] o.s.w.s.handler.SimpleUrlHandlerMapping  : Patterns [/webjars/**, /**] in 'resourceHandlerMapping'
2020-03-14 00:45:41.234 DEBUG 49317 --- [restartedMain] .m.m.a.ExceptionHandlerExceptionResolver : ControllerAdvice beans: 0 @ExceptionHandler, 1 ResponseBodyAdvice
2020-03-14 00:45:41.285  INFO 49317 --- [restartedMain] o.s.b.d.a.OptionalLiveReloadServer       : LiveReload server is running on port 35729
2020-03-14 00:45:41.315  INFO 49317 --- [restartedMain] o.s.b.w.embedded.tomcat.TomcatWebServer  : Tomcat started on port(s): 8080 (http) with context path ''
2020-03-14 00:45:41.318  INFO 49317 --- [restartedMain] c.a.s.SteganosaurusApplication           : Started SteganosaurusApplication in 1.774 seconds (JVM running for 2.656)
2020-03-14 00:45:46.324  INFO 49317 --- [http-nio-8080-exec-1] o.a.c.c.C.[Tomcat].[localhost].[/]       : Initializing Spring DispatcherServlet 'dispatcherServlet'
2020-03-14 00:45:46.325  INFO 49317 --- [http-nio-8080-exec-1] o.s.web.servlet.DispatcherServlet        : Initializing Servlet 'dispatcherServlet'
2020-03-14 00:45:46.326 DEBUG 49317 --- [http-nio-8080-exec-1] o.s.web.servlet.DispatcherServlet        : Detected CommonsMultipartResolver
2020-03-14 00:45:46.331 DEBUG 49317 --- [http-nio-8080-exec-1] o.s.web.servlet.DispatcherServlet        : enableLoggingRequestDetails='false': request parameters and headers will be masked to prevent unsafe logging of potentially sensitive data
2020-03-14 00:45:46.331  INFO 49317 --- [http-nio-8080-exec-1] o.s.web.servlet.DispatcherServlet        : Completed initialization in 6 ms
2020-03-14 00:45:46.338 DEBUG 49317 --- [http-nio-8080-exec-1] o.s.web.servlet.DispatcherServlet        : POST "/file", parameters={}
2020-03-14 00:45:46.356 DEBUG 49317 --- [http-nio-8080-exec-1] o.s.w.m.c.CommonsMultipartResolver       : Part 'file', size 1343528 bytes, filename='Uppsala TR B 3129-19 Aktbil 115, Förundersökningsprotokoll (23 .pdf'
2020-03-14 00:45:46.362 DEBUG 49317 --- [http-nio-8080-exec-1] s.w.s.m.m.a.RequestMappingHandlerMapping : Mapped to com.arvid.steganosaurus.StegController#fileUpload(MultipartFile)
2020-03-14 00:45:46.372 ERROR 49317 --- [http-nio-8080-exec-1] com.arvid.steganosaurus.StegController   : Fil org.springframework.web.multipart.commons.CommonsMultipartFile@27973b6c
2020-03-14 00:45:46.454 DEBUG 49317 --- [http-nio-8080-exec-1] m.m.a.RequestResponseBodyMethodProcessor : Using 'text/plain', given [*/*] and supported [text/plain, */*, text/plain, */*, application/json, application/*+json, application/json, application/*+json]
2020-03-14 00:45:46.467 DEBUG 49317 --- [http-nio-8080-exec-1] m.m.a.RequestResponseBodyMethodProcessor : Writing ["[37, 80, 68, 70, 45, 49, 46, 52, 10, 37, -30, -29, -49, -45, 10, 50, 32, 48, 32, 111, 98, 106, 10,  (truncated)...]
2020-03-14 00:45:46.543 DEBUG 49317 --- [http-nio-8080-exec-1] o.s.w.m.c.CommonsMultipartResolver       : Cleaning up part 'file', filename 'Uppsala TR B 3129-19 Aktbil 115, Förundersökningsprotokoll (23 .pdf'
2020-03-14 00:45:46.544 DEBUG 49317 --- [http-nio-8080-exec-1] o.s.web.servlet.DispatcherServlet        : Completed 200 OK
2020-03-14 00:46:53.332  INFO 49317 --- [SpringContextShutdownHook] o.s.s.concurrent.ThreadPoolTaskExecutor  : Shutting down ExecutorService 'applicationTaskExecutor'
2020-03-14 00:46:56.267  INFO 49575 --- [restartedMain] c.a.s.SteganosaurusApplication           : Starting SteganosaurusApplication on arvid-arch with PID 49575 (/home/arvid/Downloads/steganosaurus/target/classes started by arvid in /home/arvid/Downloads/steganosaurus)
2020-03-14 00:46:56.287  INFO 49575 --- [restartedMain] c.a.s.SteganosaurusApplication           : No active profile set, falling back to default profiles: default
2020-03-14 00:46:56.373  INFO 49575 --- [restartedMain] .e.DevToolsPropertyDefaultsPostProcessor : Devtools property defaults active! Set 'spring.devtools.add-properties' to 'false' to disable
2020-03-14 00:46:57.388  INFO 49575 --- [restartedMain] o.s.b.w.embedded.tomcat.TomcatWebServer  : Tomcat initialized with port(s): 8080 (http)
2020-03-14 00:46:57.395  INFO 49575 --- [restartedMain] o.apache.catalina.core.StandardService   : Starting service [Tomcat]
2020-03-14 00:46:57.395  INFO 49575 --- [restartedMain] org.apache.catalina.core.StandardEngine  : Starting Servlet engine: [Apache Tomcat/9.0.31]
2020-03-14 00:46:57.430  INFO 49575 --- [restartedMain] o.a.c.c.C.[Tomcat].[localhost].[/]       : Initializing Spring embedded WebApplicationContext
2020-03-14 00:46:57.430 DEBUG 49575 --- [restartedMain] o.s.web.context.ContextLoader            : Published root WebApplicationContext as ServletContext attribute with name [org.springframework.web.context.WebApplicationContext.ROOT]
2020-03-14 00:46:57.430  INFO 49575 --- [restartedMain] o.s.web.context.ContextLoader            : Root WebApplicationContext: initialization completed in 1056 ms
2020-03-14 00:46:57.442 DEBUG 49575 --- [restartedMain] o.s.b.w.s.ServletContextInitializerBeans : Mapping filters: characterEncodingFilter urls=[/*] order=-2147483648, formContentFilter urls=[/*] order=-9900, requestContextFilter urls=[/*] order=-105
2020-03-14 00:46:57.442 DEBUG 49575 --- [restartedMain] o.s.b.w.s.ServletContextInitializerBeans : Mapping servlets: dispatcherServlet urls=[/]
2020-03-14 00:46:57.580  INFO 49575 --- [restartedMain] o.s.s.concurrent.ThreadPoolTaskExecutor  : Initializing ExecutorService 'applicationTaskExecutor'
2020-03-14 00:46:57.589 DEBUG 49575 --- [restartedMain] s.w.s.m.m.a.RequestMappingHandlerAdapter : ControllerAdvice beans: 0 @ModelAttribute, 0 @InitBinder, 1 RequestBodyAdvice, 1 ResponseBodyAdvice
2020-03-14 00:46:57.637 DEBUG 49575 --- [restartedMain] s.w.s.m.m.a.RequestMappingHandlerMapping : 4 mappings in 'requestMappingHandlerMapping'
2020-03-14 00:46:57.657 DEBUG 49575 --- [restartedMain] o.s.w.s.handler.SimpleUrlHandlerMapping  : Patterns [/webjars/**, /**] in 'resourceHandlerMapping'
2020-03-14 00:46:57.663 DEBUG 49575 --- [restartedMain] .m.m.a.ExceptionHandlerExceptionResolver : ControllerAdvice beans: 0 @ExceptionHandler, 1 ResponseBodyAdvice
2020-03-14 00:46:57.707  INFO 49575 --- [restartedMain] o.s.b.d.a.OptionalLiveReloadServer       : LiveReload server is running on port 35729
2020-03-14 00:46:57.758  INFO 49575 --- [restartedMain] o.s.b.w.embedded.tomcat.TomcatWebServer  : Tomcat started on port(s): 8080 (http) with context path ''
2020-03-14 00:46:57.762  INFO 49575 --- [restartedMain] c.a.s.SteganosaurusApplication           : Started SteganosaurusApplication in 1.975 seconds (JVM running for 2.831)
2020-03-14 00:47:01.043  INFO 49575 --- [http-nio-8080-exec-1] o.a.c.c.C.[Tomcat].[localhost].[/]       : Initializing Spring DispatcherServlet 'dispatcherServlet'
2020-03-14 00:47:01.043  INFO 49575 --- [http-nio-8080-exec-1] o.s.web.servlet.DispatcherServlet        : Initializing Servlet 'dispatcherServlet'
2020-03-14 00:47:01.044 DEBUG 49575 --- [http-nio-8080-exec-1] o.s.web.servlet.DispatcherServlet        : Detected CommonsMultipartResolver
2020-03-14 00:47:01.050 DEBUG 49575 --- [http-nio-8080-exec-1] o.s.web.servlet.DispatcherServlet        : enableLoggingRequestDetails='false': request parameters and headers will be masked to prevent unsafe logging of potentially sensitive data
2020-03-14 00:47:01.051  INFO 49575 --- [http-nio-8080-exec-1] o.s.web.servlet.DispatcherServlet        : Completed initialization in 6 ms
2020-03-14 00:47:01.057 DEBUG 49575 --- [http-nio-8080-exec-1] o.s.web.servlet.DispatcherServlet        : POST "/file", parameters={}
2020-03-14 00:47:01.075 DEBUG 49575 --- [http-nio-8080-exec-1] o.s.w.m.c.CommonsMultipartResolver       : Part 'file', size 1343528 bytes, filename='Uppsala TR B 3129-19 Aktbil 115, Förundersökningsprotokoll (23 .pdf'
2020-03-14 00:47:01.081 DEBUG 49575 --- [http-nio-8080-exec-1] s.w.s.m.m.a.RequestMappingHandlerMapping : Mapped to com.arvid.steganosaurus.StegController#fileUpload(MultipartFile)
2020-03-14 00:47:01.092 ERROR 49575 --- [http-nio-8080-exec-1] com.arvid.steganosaurus.StegController   : Fil org.springframework.web.multipart.commons.CommonsMultipartFile@546115ee
2020-03-14 00:47:01.173 DEBUG 49575 --- [http-nio-8080-exec-1] m.m.a.RequestResponseBodyMethodProcessor : Using 'text/plain', given [*/*] and supported [text/plain, */*, text/plain, */*, application/json, application/*+json, application/json, application/*+json]
2020-03-14 00:47:01.188 DEBUG 49575 --- [http-nio-8080-exec-1] m.m.a.RequestResponseBodyMethodProcessor : Writing ["[37, 80, 68, 70, 45, 49, 46, 52, 10, 37, -30, -29, -49, -45, 10, 50, 32, 48, 32, 111, 98, 106, 10,  (truncated)...]
2020-03-14 00:47:01.287 DEBUG 49575 --- [http-nio-8080-exec-1] o.s.w.m.c.CommonsMultipartResolver       : Cleaning up part 'file', filename 'Uppsala TR B 3129-19 Aktbil 115, Förundersökningsprotokoll (23 .pdf'
2020-03-14 00:47:01.288 DEBUG 49575 --- [http-nio-8080-exec-1] o.s.web.servlet.DispatcherServlet        : Completed 200 OK
2020-03-14 00:47:20.714  INFO 49575 --- [SpringContextShutdownHook] o.s.s.concurrent.ThreadPoolTaskExecutor  : Shutting down ExecutorService 'applicationTaskExecutor'
2020-03-14 00:47:31.823  INFO 49763 --- [main] c.a.s.SteganosaurusApplicationTests      : Starting SteganosaurusApplicationTests on arvid-arch with PID 49763 (started by arvid in /home/arvid/Downloads/steganosaurus)
2020-03-14 00:47:31.824  INFO 49763 --- [main] c.a.s.SteganosaurusApplicationTests      : No active profile set, falling back to default profiles: default
2020-03-14 00:47:31.861 DEBUG 49763 --- [main] o.s.w.c.s.GenericWebApplicationContext   : Refreshing org.springframework.web.context.support.GenericWebApplicationContext@2a2da905
2020-03-14 00:47:33.217  INFO 49763 --- [main] o.s.s.concurrent.ThreadPoolTaskExecutor  : Initializing ExecutorService 'applicationTaskExecutor'
2020-03-14 00:47:33.234 DEBUG 49763 --- [main] s.w.s.m.m.a.RequestMappingHandlerAdapter : ControllerAdvice beans: 0 @ModelAttribute, 0 @InitBinder, 1 RequestBodyAdvice, 1 ResponseBodyAdvice
2020-03-14 00:47:33.311 DEBUG 49763 --- [main] s.w.s.m.m.a.RequestMappingHandlerMapping : 4 mappings in 'requestMappingHandlerMapping'
2020-03-14 00:47:33.353 DEBUG 49763 --- [main] o.s.w.s.handler.SimpleUrlHandlerMapping  : Patterns [/webjars/**, /**] in 'resourceHandlerMapping'
2020-03-14 00:47:33.365 DEBUG 49763 --- [main] .m.m.a.ExceptionHandlerExceptionResolver : ControllerAdvice beans: 0 @ExceptionHandler, 1 ResponseBodyAdvice
2020-03-14 00:47:33.445  INFO 49763 --- [main] c.a.s.SteganosaurusApplicationTests      : Started SteganosaurusApplicationTests in 2.037 seconds (JVM running for 3.72)
2020-03-14 00:47:33.785 DEBUG 49763 --- [SpringContextShutdownHook] o.s.w.c.s.GenericWebApplicationContext   : Closing org.springframework.web.context.support.GenericWebApplicationContext@2a2da905, started on Sat Mar 14 00:47:31 CET 2020
2020-03-14 00:47:33.788  INFO 49763 --- [SpringContextShutdownHook] o.s.s.concurrent.ThreadPoolTaskExecutor  : Shutting down ExecutorService 'applicationTaskExecutor'
2020-03-14 00:47:46.957  INFO 49827 --- [restartedMain] c.a.s.SteganosaurusApplication           : Starting SteganosaurusApplication on arvid-arch with PID 49827 (/home/arvid/Downloads/steganosaurus/target/classes started by arvid in /home/arvid/Downloads/steganosaurus)
2020-03-14 00:47:46.968  INFO 49827 --- [restartedMain] c.a.s.SteganosaurusApplication           : No active profile set, falling back to default profiles: default
2020-03-14 00:47:47.024  INFO 49827 --- [restartedMain] .e.DevToolsPropertyDefaultsPostProcessor : Devtools property defaults active! Set 'spring.devtools.add-properties' to 'false' to disable
2020-03-14 00:47:48.045  INFO 49827 --- [restartedMain] o.s.b.w.embedded.tomcat.TomcatWebServer  : Tomcat initialized with port(s): 8080 (http)
2020-03-14 00:47:48.054  INFO 49827 --- [restartedMain] o.apache.catalina.core.StandardService   : Starting service [Tomcat]
2020-03-14 00:47:48.055  INFO 49827 --- [restartedMain] org.apache.catalina.core.StandardEngine  : Starting Servlet engine: [Apache Tomcat/9.0.31]
2020-03-14 00:47:48.102  INFO 49827 --- [restartedMain] o.a.c.c.C.[Tomcat].[localhost].[/]       : Initializing Spring embedded WebApplicationContext
2020-03-14 00:47:48.102 DEBUG 49827 --- [restartedMain] o.s.web.context.ContextLoader            : Published root WebApplicationContext as ServletContext attribute with name [org.springframework.web.context.WebApplicationContext.ROOT]
2020-03-14 00:47:48.102  INFO 49827 --- [restartedMain] o.s.web.context.ContextLoader            : Root WebApplicationContext: initialization completed in 1076 ms
2020-03-14 00:47:48.116 DEBUG 49827 --- [restartedMain] o.s.b.w.s.ServletContextInitializerBeans : Mapping filters: characterEncodingFilter urls=[/*] order=-2147483648, formContentFilter urls=[/*] order=-9900, requestContextFilter urls=[/*] order=-105
2020-03-14 00:47:48.116 DEBUG 49827 --- [restartedMain] o.s.b.w.s.ServletContextInitializerBeans : Mapping servlets: dispatcherServlet urls=[/]
2020-03-14 00:47:48.246  INFO 49827 --- [restartedMain] o.s.s.concurrent.ThreadPoolTaskExecutor  : Initializing ExecutorService 'applicationTaskExecutor'
2020-03-14 00:47:48.254 DEBUG 49827 --- [restartedMain] s.w.s.m.m.a.RequestMappingHandlerAdapter : ControllerAdvice beans: 0 @ModelAttribute, 0 @InitBinder, 1 RequestBodyAdvice, 1 ResponseBodyAdvice
2020-03-14 00:47:48.300 DEBUG 49827 --- [restartedMain] s.w.s.m.m.a.RequestMappingHandlerMapping : 4 mappings in 'requestMappingHandlerMapping'
2020-03-14 00:47:48.328 DEBUG 49827 --- [restartedMain] o.s.w.s.handler.SimpleUrlHandlerMapping  : Patterns [/webjars/**, /**] in 'resourceHandlerMapping'
2020-03-14 00:47:48.334 DEBUG 49827 --- [restartedMain] .m.m.a.ExceptionHandlerExceptionResolver : ControllerAdvice beans: 0 @ExceptionHandler, 1 ResponseBodyAdvice
2020-03-14 00:47:48.377  INFO 49827 --- [restartedMain] o.s.b.d.a.OptionalLiveReloadServer       : LiveReload server is running on port 35729
2020-03-14 00:47:48.407  INFO 49827 --- [restartedMain] o.s.b.w.embedded.tomcat.TomcatWebServer  : Tomcat started on port(s): 8080 (http) with context path ''
2020-03-14 00:47:48.412  INFO 49827 --- [restartedMain] c.a.s.SteganosaurusApplication           : Started SteganosaurusApplication in 1.907 seconds (JVM running for 3.301)
2020-03-14 00:47:54.325  INFO 49827 --- [http-nio-8080-exec-1] o.a.c.c.C.[Tomcat].[localhost].[/]       : Initializing Spring DispatcherServlet 'dispatcherServlet'
2020-03-14 00:47:54.326  INFO 49827 --- [http-nio-8080-exec-1] o.s.web.servlet.DispatcherServlet        : Initializing Servlet 'dispatcherServlet'
2020-03-14 00:47:54.326 DEBUG 49827 --- [http-nio-8080-exec-1] o.s.web.servlet.DispatcherServlet        : Detected CommonsMultipartResolver
2020-03-14 00:47:54.331 DEBUG 49827 --- [http-nio-8080-exec-1] o.s.web.servlet.DispatcherServlet        : enableLoggingRequestDetails='false': request parameters and headers will be masked to prevent unsafe logging of potentially sensitive data
2020-03-14 00:47:54.332  INFO 49827 --- [http-nio-8080-exec-1] o.s.web.servlet.DispatcherServlet        : Completed initialization in 6 ms
2020-03-14 00:47:54.339 DEBUG 49827 --- [http-nio-8080-exec-1] o.s.web.servlet.DispatcherServlet        : POST "/file", parameters={}
2020-03-14 00:47:54.356 DEBUG 49827 --- [http-nio-8080-exec-1] o.s.w.m.c.CommonsMultipartResolver       : Part 'file', size 1343528 bytes, filename='Uppsala TR B 3129-19 Aktbil 115, Förundersökningsprotokoll (23 .pdf'
2020-03-14 00:47:54.361 DEBUG 49827 --- [http-nio-8080-exec-1] s.w.s.m.m.a.RequestMappingHandlerMapping : Mapped to com.arvid.steganosaurus.StegController#fileUpload(MultipartFile)
2020-03-14 00:47:54.373 ERROR 49827 --- [http-nio-8080-exec-1] com.arvid.steganosaurus.StegController   : Fil org.springframework.web.multipart.commons.CommonsMultipartFile@4833d970
2020-03-14 00:47:54.455 DEBUG 49827 --- [http-nio-8080-exec-1] m.m.a.RequestResponseBodyMethodProcessor : Using 'text/plain', given [*/*] and supported [text/plain, */*, text/plain, */*, application/json, application/*+json, application/json, application/*+json]
2020-03-14 00:47:54.471 DEBUG 49827 --- [http-nio-8080-exec-1] m.m.a.RequestResponseBodyMethodProcessor : Writing ["[37, 80, 68, 70, 45, 49, 46, 52, 10, 37, -30, -29, -49, -45, 10, 50, 32, 48, 32, 111, 98, 106, 10,  (truncated)...]
2020-03-14 00:47:54.553 DEBUG 49827 --- [http-nio-8080-exec-1] o.s.w.m.c.CommonsMultipartResolver       : Cleaning up part 'file', filename 'Uppsala TR B 3129-19 Aktbil 115, Förundersökningsprotokoll (23 .pdf'
2020-03-14 00:47:54.554 DEBUG 49827 --- [http-nio-8080-exec-1] o.s.web.servlet.DispatcherServlet        : Completed 200 OK
2020-03-14 00:48:23.229  INFO 49827 --- [SpringContextShutdownHook] o.s.s.concurrent.ThreadPoolTaskExecutor  : Shutting down ExecutorService 'applicationTaskExecutor'
